<?xml version="1.0" encoding="UTF-8"?>
<testsuite name="MyNodeTest" tests="1" skipped="0" failures="0" errors="0" timestamp="2021-06-08T18:03:18" hostname="DESKTOP-BS45UV7" time="0.004">
  <properties/>
  <testcase name="given3Number_WhenLinkedShouldPassedLinkedListTest" classname="MyNodeTest" time="0.004"/>
  <system-out><![CDATA[]]></system-out>
  <system-err><![CDATA[]]></system-err>
</testsuite>
