<?xml version="1.0" encoding="UTF-8"?>
<testsuite name="LinkedListTest" tests="1" skipped="0" failures="0" errors="0" timestamp="2021-06-10T09:31:17" hostname="DESKTOP-BS45UV7" time="0.005">
  <properties/>
  <testcase name="IfLInkedListIsInAscendingOrderReturnTrue" classname="LinkedListTest" time="0.005"/>
  <system-out><![CDATA[]]></system-out>
  <system-err><![CDATA[]]></system-err>
</testsuite>
