<?xml version="1.0" encoding="UTF-8"?>
<testsuite name="LinkedListTest" tests="1" skipped="0" failures="0" errors="0" timestamp="2021-06-10T08:22:49" hostname="DESKTOP-BS45UV7" time="0.013">
  <properties/>
  <testcase name="givenDeleteByKey_ThenInsertValueBetween_ShouldPassLinkedListTest" classname="LinkedListTest" time="0.013"/>
  <system-out><![CDATA[56->40->70]]></system-out>
  <system-err><![CDATA[]]></system-err>
</testsuite>
